2026-03-04 01:46:34,062 - INFO - get_or_create_chunked_collection: 'course_chunks' ready
2026-03-04 01:52:26,793 - INFO - get_or_create_chunked_collection: 'course_chunks' ready
2026-03-04 01:52:27,090 - INFO - get_or_create_chunked_collection: 'course_chunks' ready
2026-03-04 01:52:27,364 - INFO - get_or_create_chunked_collection: 'course_chunks' ready
2026-03-04 01:52:27,704 - INFO - get_or_create_chunked_collection: 'course_chunks' ready
2026-03-04 01:52:27,970 - INFO - get_or_create_chunked_collection: 'course_chunks' ready
2026-03-04 01:52:28,244 - INFO - get_or_create_chunked_collection: 'course_chunks' ready
2026-03-04 01:52:28,550 - INFO - get_or_create_chunked_collection: 'course_chunks' ready
2026-03-04 01:52:28,847 - INFO - get_or_create_chunked_collection: 'course_chunks' ready
2026-03-04 01:52:29,174 - INFO - get_or_create_chunked_collection: 'course_chunks' ready
2026-03-04 01:52:29,497 - INFO - get_or_create_chunked_collection: 'course_chunks' ready
2026-03-04 01:52:29,773 - INFO - get_or_create_chunked_collection: 'course_chunks' ready
2026-03-04 01:52:30,069 - INFO - get_or_create_chunked_collection: 'course_chunks' ready
2026-03-04 01:52:30,407 - INFO - get_or_create_chunked_collection: 'course_chunks' ready
2026-03-04 01:52:30,729 - INFO - get_or_create_chunked_collection: 'course_chunks' ready
2026-03-04 01:52:31,019 - INFO - get_or_create_chunked_collection: 'course_chunks' ready
2026-03-04 01:52:31,317 - INFO - get_or_create_chunked_collection: 'course_chunks' ready
2026-03-04 01:52:31,675 - INFO - get_or_create_chunked_collection: 'course_chunks' ready
2026-03-04 01:52:31,940 - INFO - get_or_create_chunked_collection: 'course_chunks' ready
2026-03-04 01:52:32,226 - INFO - get_or_create_chunked_collection: 'course_chunks' ready
2026-03-04 01:52:32,510 - INFO - get_or_create_chunked_collection: 'course_chunks' ready
2026-03-04 01:52:32,794 - INFO - get_or_create_chunked_collection: 'course_chunks' ready
2026-03-04 01:52:33,127 - INFO - get_or_create_chunked_collection: 'course_chunks' ready
2026-03-04 01:52:33,472 - INFO - get_or_create_chunked_collection: 'course_chunks' ready
2026-03-04 01:52:33,813 - INFO - get_or_create_chunked_collection: 'course_chunks' ready
2026-03-04 01:52:34,180 - INFO - get_or_create_chunked_collection: 'course_chunks' ready
2026-03-04 01:52:34,471 - INFO - get_or_create_chunked_collection: 'course_chunks' ready
2026-03-04 01:52:34,781 - INFO - get_or_create_chunked_collection: 'course_chunks' ready
2026-03-04 01:52:35,132 - INFO - get_or_create_chunked_collection: 'course_chunks' ready
2026-03-04 01:52:35,436 - INFO - get_or_create_chunked_collection: 'course_chunks' ready
2026-03-04 01:52:35,696 - INFO - get_or_create_chunked_collection: 'course_chunks' ready
2026-03-04 02:00:25,367 - INFO - get_or_create_chunked_collection: 'course_chunks' ready
2026-03-04 02:00:25,689 - INFO - get_or_create_chunked_collection: 'course_chunks' ready
2026-03-04 02:01:06,644 - INFO - get_or_create_chunked_collection: 'course_chunks' ready
2026-03-04 02:31:25,026 - INFO - get_or_create_chunked_collection: 'course_chunks' ready
2026-03-04 02:31:25,122 - INFO - store_chunks_in_chromadb: stored 15 chunks
2026-03-04 02:35:59,447 - INFO - get_or_create_chunked_collection: 'course_chunks' ready
2026-03-04 02:38:27,072 - INFO - get_or_create_chunked_collection: 'course_chunks' ready
2026-03-04 02:40:29,355 - INFO - get_or_create_chunked_collection: 'course_chunks' ready
2026-03-04 02:42:04,145 - INFO - get_or_create_chunked_collection: 'course_chunks' ready
2026-03-04 02:42:04,178 - INFO - store_chunks_in_chromadb: stored 2 chunks
2026-03-04 02:42:04,179 - INFO - process_and_embed_course_chunks: course_id=69a775e69a0216305f89bdd9 stored=2
2026-03-04 02:42:05,217 - INFO - get_or_create_chunked_collection: 'course_chunks' ready
2026-03-04 02:42:05,243 - INFO - store_chunks_in_chromadb: stored 2 chunks
2026-03-04 02:42:05,243 - INFO - process_and_embed_course_chunks: course_id=69a775e69a0216305f89bdda stored=2
2026-03-04 02:42:06,279 - INFO - get_or_create_chunked_collection: 'course_chunks' ready
2026-03-04 02:42:06,307 - INFO - store_chunks_in_chromadb: stored 2 chunks
2026-03-04 02:42:06,307 - INFO - process_and_embed_course_chunks: course_id=69a775e69a0216305f89bddb stored=2
2026-03-04 02:42:07,347 - INFO - get_or_create_chunked_collection: 'course_chunks' ready
2026-03-04 02:42:07,372 - INFO - store_chunks_in_chromadb: stored 2 chunks
2026-03-04 02:42:07,372 - INFO - process_and_embed_course_chunks: course_id=69a775e69a0216305f89bddc stored=2
2026-03-04 02:42:08,395 - INFO - get_or_create_chunked_collection: 'course_chunks' ready
2026-03-04 02:42:08,422 - INFO - store_chunks_in_chromadb: stored 2 chunks
2026-03-04 02:42:08,422 - INFO - process_and_embed_course_chunks: course_id=69a775e69a0216305f89bddd stored=2
2026-03-04 02:42:09,549 - INFO - get_or_create_chunked_collection: 'course_chunks' ready
2026-03-04 02:42:09,581 - INFO - store_chunks_in_chromadb: stored 2 chunks
2026-03-04 02:42:09,581 - INFO - process_and_embed_course_chunks: course_id=69a775e69a0216305f89bdde stored=2
2026-03-04 02:42:10,944 - INFO - get_or_create_chunked_collection: 'course_chunks' ready
2026-03-04 02:42:10,969 - INFO - store_chunks_in_chromadb: stored 2 chunks
2026-03-04 02:42:10,969 - INFO - process_and_embed_course_chunks: course_id=69a775e69a0216305f89bddf stored=2
2026-03-04 02:42:11,954 - INFO - get_or_create_chunked_collection: 'course_chunks' ready
2026-03-04 02:42:11,982 - INFO - store_chunks_in_chromadb: stored 2 chunks
2026-03-04 02:42:11,982 - INFO - process_and_embed_course_chunks: course_id=69a775e69a0216305f89bde0 stored=2
2026-03-04 02:42:12,991 - INFO - get_or_create_chunked_collection: 'course_chunks' ready
2026-03-04 02:42:13,023 - INFO - store_chunks_in_chromadb: stored 2 chunks
2026-03-04 02:42:13,023 - INFO - process_and_embed_course_chunks: course_id=69a775e69a0216305f89bde1 stored=2
2026-03-04 02:42:13,974 - INFO - get_or_create_chunked_collection: 'course_chunks' ready
2026-03-04 02:42:14,002 - INFO - store_chunks_in_chromadb: stored 2 chunks
2026-03-04 02:42:14,003 - INFO - process_and_embed_course_chunks: course_id=69a775e69a0216305f89bde2 stored=2
2026-03-04 02:42:14,003 - INFO - migrate_from_v1_to_v2: total_chunks=20
2026-03-04 02:43:20,412 - INFO - get_or_create_chunked_collection: 'course_chunks' ready
2026-03-04 02:44:27,064 - INFO - get_or_create_chunked_collection: 'course_chunks' ready
2026-03-04 02:44:41,248 - INFO - get_or_create_chunked_collection: 'course_chunks' ready
2026-03-04 02:45:05,653 - INFO - get_or_create_chunked_collection: 'course_chunks' ready
2026-03-04 02:45:19,041 - INFO - get_or_create_chunked_collection: 'course_chunks' ready
2026-03-04 02:45:47,233 - INFO - get_or_create_chunked_collection: 'course_chunks' ready
2026-03-05 01:03:32,674 - INFO - get_or_create_chunked_collection: 'course_chunks' ready
2026-03-05 01:03:33,107 - INFO - get_or_create_chunked_collection: 'course_chunks' ready
2026-03-05 01:03:33,506 - INFO - get_or_create_chunked_collection: 'course_chunks' ready
2026-03-05 01:03:34,063 - INFO - get_or_create_chunked_collection: 'course_chunks' ready
2026-03-05 01:22:30,588 - INFO - get_or_create_chunked_collection: 'course_chunks' ready
2026-03-05 01:23:05,876 - INFO - get_or_create_chunked_collection: 'course_chunks' ready
2026-03-05 01:23:06,882 - INFO - get_or_create_chunked_collection: 'course_chunks' ready
2026-03-05 01:23:07,713 - INFO - get_or_create_chunked_collection: 'course_chunks' ready
2026-03-05 01:25:15,254 - INFO - get_or_create_chunked_collection: 'course_chunks' ready
2026-03-05 01:25:15,920 - INFO - get_or_create_chunked_collection: 'course_chunks' ready
2026-03-05 01:25:16,285 - INFO - get_or_create_chunked_collection: 'course_chunks' ready
2026-03-05 01:25:17,529 - INFO - get_or_create_chunked_collection: 'course_chunks' ready
2026-03-05 01:30:40,136 - INFO - get_or_create_chunked_collection: 'course_chunks' ready
2026-03-05 01:30:40,410 - INFO - get_or_create_chunked_collection: 'course_chunks' ready
2026-03-05 01:30:40,635 - INFO - get_or_create_chunked_collection: 'course_chunks' ready
2026-03-05 01:30:40,901 - INFO - get_or_create_chunked_collection: 'course_chunks' ready
2026-03-05 01:30:41,150 - INFO - get_or_create_chunked_collection: 'course_chunks' ready
2026-03-05 01:30:41,508 - INFO - get_or_create_chunked_collection: 'course_chunks' ready
2026-03-05 01:30:41,789 - INFO - get_or_create_chunked_collection: 'course_chunks' ready
2026-03-05 01:31:00,276 - INFO - get_or_create_chunked_collection: 'course_chunks' ready
2026-03-05 01:31:00,545 - INFO - get_or_create_chunked_collection: 'course_chunks' ready
2026-03-05 01:31:12,233 - INFO - get_or_create_chunked_collection: 'course_chunks' ready
2026-03-05 01:31:12,533 - INFO - get_or_create_chunked_collection: 'course_chunks' ready
2026-03-05 01:32:03,364 - INFO - get_or_create_chunked_collection: 'course_chunks' ready
2026-03-05 01:32:03,657 - INFO - get_or_create_chunked_collection: 'course_chunks' ready
2026-03-05 01:32:03,865 - INFO - get_or_create_chunked_collection: 'course_chunks' ready
2026-03-05 01:32:04,099 - INFO - get_or_create_chunked_collection: 'course_chunks' ready
2026-03-05 01:32:04,308 - INFO - get_or_create_chunked_collection: 'course_chunks' ready
2026-03-05 01:32:04,618 - INFO - get_or_create_chunked_collection: 'course_chunks' ready
2026-03-05 01:32:04,855 - INFO - get_or_create_chunked_collection: 'course_chunks' ready
2026-03-05 01:32:18,661 - INFO - get_or_create_chunked_collection: 'course_chunks' ready
2026-03-05 01:32:18,980 - INFO - get_or_create_chunked_collection: 'course_chunks' ready
2026-03-05 01:32:32,662 - INFO - get_or_create_chunked_collection: 'course_chunks' ready
2026-03-05 01:32:32,962 - INFO - get_or_create_chunked_collection: 'course_chunks' ready
2026-03-05 01:35:53,702 - INFO - get_or_create_chunked_collection: 'course_chunks' ready
2026-03-05 01:35:53,991 - INFO - get_or_create_chunked_collection: 'course_chunks' ready
2026-03-05 01:35:54,193 - INFO - get_or_create_chunked_collection: 'course_chunks' ready
2026-03-05 01:35:54,452 - INFO - get_or_create_chunked_collection: 'course_chunks' ready
2026-03-05 01:35:54,657 - INFO - get_or_create_chunked_collection: 'course_chunks' ready
2026-03-05 01:35:54,984 - INFO - get_or_create_chunked_collection: 'course_chunks' ready
2026-03-05 01:35:55,239 - INFO - get_or_create_chunked_collection: 'course_chunks' ready
2026-03-05 01:36:07,633 - INFO - get_or_create_chunked_collection: 'course_chunks' ready
2026-03-05 01:36:07,897 - INFO - get_or_create_chunked_collection: 'course_chunks' ready
2026-03-05 01:36:21,197 - INFO - get_or_create_chunked_collection: 'course_chunks' ready
2026-03-05 01:36:21,538 - INFO - get_or_create_chunked_collection: 'course_chunks' ready
2026-03-05 01:38:49,247 - INFO - get_or_create_chunked_collection: 'course_chunks' ready
2026-03-05 01:38:49,516 - INFO - get_or_create_chunked_collection: 'course_chunks' ready
2026-03-05 01:38:49,732 - INFO - get_or_create_chunked_collection: 'course_chunks' ready
2026-03-05 01:38:49,988 - INFO - get_or_create_chunked_collection: 'course_chunks' ready
2026-03-05 01:38:50,215 - INFO - get_or_create_chunked_collection: 'course_chunks' ready
2026-03-05 01:38:50,524 - INFO - get_or_create_chunked_collection: 'course_chunks' ready
2026-03-05 01:38:50,766 - INFO - get_or_create_chunked_collection: 'course_chunks' ready
2026-03-05 01:39:06,706 - INFO - get_or_create_chunked_collection: 'course_chunks' ready
2026-03-05 01:39:06,993 - INFO - get_or_create_chunked_collection: 'course_chunks' ready
2026-03-05 01:39:20,268 - INFO - get_or_create_chunked_collection: 'course_chunks' ready
2026-03-05 01:39:20,588 - INFO - get_or_create_chunked_collection: 'course_chunks' ready
2026-03-05 01:39:46,924 - INFO - get_or_create_chunked_collection: 'course_chunks' ready
2026-03-05 01:41:41,215 - INFO - get_or_create_chunked_collection: 'course_chunks' ready
2026-03-05 01:41:41,505 - INFO - get_or_create_chunked_collection: 'course_chunks' ready
2026-03-05 01:41:41,715 - INFO - get_or_create_chunked_collection: 'course_chunks' ready
2026-03-05 01:41:41,978 - INFO - get_or_create_chunked_collection: 'course_chunks' ready
2026-03-05 01:41:42,190 - INFO - get_or_create_chunked_collection: 'course_chunks' ready
2026-03-05 01:41:42,496 - INFO - get_or_create_chunked_collection: 'course_chunks' ready
2026-03-05 01:41:42,728 - INFO - get_or_create_chunked_collection: 'course_chunks' ready
2026-03-05 01:41:57,586 - INFO - get_or_create_chunked_collection: 'course_chunks' ready
2026-03-05 01:41:57,895 - INFO - get_or_create_chunked_collection: 'course_chunks' ready
2026-03-05 01:42:11,482 - INFO - get_or_create_chunked_collection: 'course_chunks' ready
2026-03-05 01:42:11,825 - INFO - get_or_create_chunked_collection: 'course_chunks' ready
2026-03-23 19:33:19,734 - INFO - get_or_create_chunked_collection: 'course_chunks' ready
2026-03-23 19:33:24,548 - INFO - get_or_create_chunked_collection: 'course_chunks' ready
2026-03-23 19:33:24,601 - INFO - store_chunks_in_chromadb: no new chunks to add (all skipped)
2026-03-23 19:33:24,617 - INFO - get_or_create_chunked_collection: 'course_chunks' ready
2026-03-23 19:33:24,648 - INFO - get_or_create_chunked_collection: 'course_chunks' ready
2026-03-23 19:33:24,664 - INFO - get_or_create_chunked_collection: 'course_chunks' ready
2026-03-23 19:33:24,677 - INFO - get_or_create_chunked_collection: 'course_chunks' ready
2026-03-23 19:33:24,692 - INFO - get_or_create_chunked_collection: 'course_chunks' ready
2026-03-23 19:33:24,707 - INFO - get_or_create_chunked_collection: 'course_chunks' ready
2026-03-23 19:33:24,723 - INFO - get_or_create_chunked_collection: 'course_chunks' ready
2026-03-23 19:33:24,740 - INFO - get_or_create_chunked_collection: 'course_chunks' ready
2026-03-23 19:33:24,758 - INFO - get_or_create_chunked_collection: 'course_chunks' ready
2026-03-23 19:33:24,773 - INFO - get_or_create_chunked_collection: 'course_chunks' ready
2026-03-23 19:35:25,718 - INFO - get_or_create_chunked_collection: 'course_chunks' ready
2026-03-23 19:35:54,877 - INFO - get_or_create_chunked_collection: 'course_chunks' ready
2026-03-23 19:36:00,311 - INFO - get_or_create_chunked_collection: 'exercise_chunks' ready
2026-03-23 19:36:00,338 - INFO - get_or_create_chunked_collection: 'uploaded_document_chunks' ready
2026-03-23 19:36:00,792 - INFO - get_or_create_chunked_collection: 'exercise_chunks' ready
2026-03-23 19:36:00,836 - INFO - get_or_create_chunked_collection: 'exercise_chunks' ready
2026-03-23 19:36:00,874 - INFO - get_or_create_chunked_collection: 'uploaded_document_chunks' ready
2026-03-23 19:36:01,206 - INFO - get_or_create_chunked_collection: 'uploaded_document_chunks' ready
2026-03-23 19:36:01,559 - INFO - get_or_create_chunked_collection: 'course_chunks' ready
2026-03-23 19:36:06,390 - INFO - get_or_create_chunked_collection: 'exercise_chunks' ready
2026-03-23 19:36:06,408 - INFO - get_or_create_chunked_collection: 'uploaded_document_chunks' ready
2026-03-23 19:36:06,711 - INFO - get_or_create_chunked_collection: 'exercise_chunks' ready
2026-03-23 19:36:06,732 - INFO - get_or_create_chunked_collection: 'exercise_chunks' ready
2026-03-23 19:36:06,750 - INFO - get_or_create_chunked_collection: 'uploaded_document_chunks' ready
2026-03-23 19:36:07,060 - INFO - get_or_create_chunked_collection: 'uploaded_document_chunks' ready
2026-03-23 19:36:07,375 - INFO - get_or_create_chunked_collection: 'course_chunks' ready
2026-03-23 19:36:12,075 - INFO - get_or_create_chunked_collection: 'exercise_chunks' ready
2026-03-23 19:36:12,097 - INFO - get_or_create_chunked_collection: 'uploaded_document_chunks' ready
2026-03-23 19:36:12,438 - INFO - get_or_create_chunked_collection: 'exercise_chunks' ready
2026-03-23 19:36:12,465 - INFO - get_or_create_chunked_collection: 'exercise_chunks' ready
2026-03-23 19:36:12,492 - INFO - get_or_create_chunked_collection: 'uploaded_document_chunks' ready
2026-03-23 19:36:12,874 - INFO - get_or_create_chunked_collection: 'uploaded_document_chunks' ready
2026-03-23 19:36:18,099 - INFO - get_or_create_chunked_collection: 'exercise_chunks' ready
2026-03-23 19:36:18,119 - INFO - get_or_create_chunked_collection: 'uploaded_document_chunks' ready
2026-03-23 19:36:18,514 - INFO - get_or_create_chunked_collection: 'course_chunks' ready
2026-03-23 19:36:23,685 - INFO - get_or_create_chunked_collection: 'exercise_chunks' ready
2026-03-23 19:36:23,707 - INFO - get_or_create_chunked_collection: 'uploaded_document_chunks' ready
2026-03-23 19:36:24,037 - INFO - get_or_create_chunked_collection: 'exercise_chunks' ready
2026-03-23 19:36:24,061 - INFO - get_or_create_chunked_collection: 'exercise_chunks' ready
2026-03-23 19:36:24,092 - INFO - get_or_create_chunked_collection: 'uploaded_document_chunks' ready
2026-03-23 19:36:24,439 - INFO - get_or_create_chunked_collection: 'uploaded_document_chunks' ready
2026-03-23 19:36:24,705 - INFO - get_or_create_chunked_collection: 'course_chunks' ready
2026-03-23 19:36:46,829 - INFO - get_or_create_chunked_collection: 'course_chunks' ready
2026-03-23 19:36:51,916 - INFO - get_or_create_chunked_collection: 'exercise_chunks' ready
2026-03-23 19:36:51,937 - INFO - get_or_create_chunked_collection: 'uploaded_document_chunks' ready
2026-03-23 19:36:52,243 - INFO - get_or_create_chunked_collection: 'exercise_chunks' ready
2026-03-23 19:36:52,284 - INFO - get_or_create_chunked_collection: 'exercise_chunks' ready
2026-03-23 19:36:52,304 - INFO - get_or_create_chunked_collection: 'uploaded_document_chunks' ready
2026-03-23 19:36:52,641 - INFO - get_or_create_chunked_collection: 'uploaded_document_chunks' ready
2026-03-23 19:36:52,996 - INFO - get_or_create_chunked_collection: 'course_chunks' ready
2026-03-23 19:36:58,035 - INFO - get_or_create_chunked_collection: 'exercise_chunks' ready
2026-03-23 19:36:58,059 - INFO - get_or_create_chunked_collection: 'uploaded_document_chunks' ready
2026-03-23 19:36:58,388 - INFO - get_or_create_chunked_collection: 'exercise_chunks' ready
2026-03-23 19:36:58,408 - INFO - get_or_create_chunked_collection: 'exercise_chunks' ready
2026-03-23 19:36:58,429 - INFO - get_or_create_chunked_collection: 'uploaded_document_chunks' ready
2026-03-23 19:36:58,782 - INFO - get_or_create_chunked_collection: 'uploaded_document_chunks' ready
2026-03-23 19:36:59,122 - INFO - get_or_create_chunked_collection: 'course_chunks' ready
2026-03-23 19:37:04,299 - INFO - get_or_create_chunked_collection: 'exercise_chunks' ready
2026-03-23 19:37:04,318 - INFO - get_or_create_chunked_collection: 'uploaded_document_chunks' ready
2026-03-23 19:37:04,624 - INFO - get_or_create_chunked_collection: 'exercise_chunks' ready
2026-03-23 19:37:04,645 - INFO - get_or_create_chunked_collection: 'exercise_chunks' ready
2026-03-23 19:37:04,665 - INFO - get_or_create_chunked_collection: 'uploaded_document_chunks' ready
2026-03-23 19:37:05,002 - INFO - get_or_create_chunked_collection: 'uploaded_document_chunks' ready
2026-03-23 19:37:10,580 - INFO - get_or_create_chunked_collection: 'exercise_chunks' ready
2026-03-23 19:37:10,599 - INFO - get_or_create_chunked_collection: 'uploaded_document_chunks' ready
2026-03-23 19:37:10,957 - INFO - get_or_create_chunked_collection: 'course_chunks' ready
2026-03-23 19:37:16,176 - INFO - get_or_create_chunked_collection: 'exercise_chunks' ready
2026-03-23 19:37:16,195 - INFO - get_or_create_chunked_collection: 'uploaded_document_chunks' ready
2026-03-23 19:37:16,525 - INFO - get_or_create_chunked_collection: 'exercise_chunks' ready
2026-03-23 19:37:16,550 - INFO - get_or_create_chunked_collection: 'exercise_chunks' ready
2026-03-23 19:37:16,569 - INFO - get_or_create_chunked_collection: 'uploaded_document_chunks' ready
2026-03-23 19:37:16,859 - INFO - get_or_create_chunked_collection: 'uploaded_document_chunks' ready
2026-03-23 19:37:17,125 - INFO - get_or_create_chunked_collection: 'course_chunks' ready
2026-03-23 19:38:14,064 - INFO - get_or_create_chunked_collection: 'course_chunks' ready
2026-03-23 19:38:14,604 - INFO - get_or_create_chunked_collection: 'course_chunks' ready
2026-03-23 19:38:14,604 - ERROR - search_chunks query error: Expected where operand value to be a str, int, float, bool, or list of those type, got {'$eq': 'easy'} in query.
2026-03-23 19:38:14,875 - INFO - get_or_create_chunked_collection: 'course_chunks' ready
2026-03-23 19:38:14,875 - ERROR - search_chunks query error: Expected where operand value to be a str, int, float, bool, or list of those type, got {'$eq': 'loops'} in query.
2026-03-23 19:38:15,304 - INFO - get_or_create_chunked_collection: 'course_chunks' ready
2026-03-23 19:38:15,304 - ERROR - search_chunks query error: Expected where operand value to be a str, int, float, bool, or list of those type, got {'$eq': 'easy'} in query.
2026-03-23 19:38:15,577 - INFO - get_or_create_chunked_collection: 'course_chunks' ready
2026-03-23 19:38:15,577 - ERROR - search_chunks query error: Expected where operand value to be a str, int, float, bool, or list of those type, got {'$in': ['medium', 'hard']} in query.
2026-03-23 19:38:15,920 - INFO - get_or_create_chunked_collection: 'course_chunks' ready
2026-03-23 19:38:15,921 - ERROR - search_chunks query error: Expected where operand value to be a str, int, float, bool, or list of those type, got {'$gte': '2026-02-21'} in query.
2026-03-23 19:38:16,290 - INFO - get_or_create_chunked_collection: 'course_chunks' ready
2026-03-23 19:38:16,290 - ERROR - search_chunks query error: Expected where operand value to be a str, int, float, bool, or list of those type, got {'$eq': 'overview'} in query.
2026-03-23 19:38:59,358 - INFO - get_or_create_chunked_collection: 'course_chunks' ready
2026-03-23 19:38:59,796 - INFO - get_or_create_chunked_collection: 'course_chunks' ready
2026-03-23 19:38:59,797 - ERROR - search_chunks query error: Expected where operand value to be a str, int, float, bool, or list of those type, got {'$eq': 'easy'} in query.
2026-03-23 19:39:00,026 - INFO - get_or_create_chunked_collection: 'course_chunks' ready
2026-03-23 19:39:00,026 - ERROR - search_chunks query error: Expected where operand value to be a str, int, float, bool, or list of those type, got {'$eq': 'loops'} in query.
2026-03-23 19:39:00,407 - INFO - get_or_create_chunked_collection: 'course_chunks' ready
2026-03-23 19:39:00,407 - ERROR - search_chunks query error: Expected where operand value to be a str, int, float, bool, or list of those type, got {'$eq': 'easy'} in query.
2026-03-23 19:39:00,655 - INFO - get_or_create_chunked_collection: 'course_chunks' ready
2026-03-23 19:39:00,656 - ERROR - search_chunks query error: Expected where operand value to be a str, int, float, bool, or list of those type, got {'$in': ['medium', 'hard']} in query.
2026-03-23 19:39:00,964 - INFO - get_or_create_chunked_collection: 'course_chunks' ready
2026-03-23 19:39:00,964 - ERROR - search_chunks query error: Expected where operand value to be a str, int, float, bool, or list of those type, got {'$gte': '2026-02-21'} in query.
2026-03-23 19:39:01,269 - INFO - get_or_create_chunked_collection: 'course_chunks' ready
2026-03-23 19:39:01,270 - ERROR - search_chunks query error: Expected where operand value to be a str, int, float, bool, or list of those type, got {'$eq': 'overview'} in query.
2026-03-23 19:41:21,294 - INFO - get_or_create_chunked_collection: 'course_chunks' ready
2026-03-23 19:41:21,311 - INFO - get_or_create_chunked_collection: 'course_chunks' ready
2026-03-23 19:44:45,316 - INFO - get_or_create_chunked_collection: 'course_chunks' ready
2026-03-23 19:44:46,667 - INFO - get_or_create_chunked_collection: 'course_chunks' ready
2026-03-23 19:44:46,729 - INFO - store_chunks_in_chromadb: no new chunks to add (all skipped)
2026-03-23 19:44:46,730 - INFO - process_and_embed_course_chunks: course_id=69a775e69a0216305f89bdd9 stored=0
2026-03-23 19:44:48,234 - INFO - get_or_create_chunked_collection: 'course_chunks' ready
2026-03-23 19:44:48,261 - INFO - store_chunks_in_chromadb: no new chunks to add (all skipped)
2026-03-23 19:44:48,261 - INFO - process_and_embed_course_chunks: course_id=69a775e69a0216305f89bdda stored=0
2026-03-23 19:44:49,728 - INFO - get_or_create_chunked_collection: 'course_chunks' ready
2026-03-23 19:44:49,743 - INFO - store_chunks_in_chromadb: no new chunks to add (all skipped)
2026-03-23 19:44:49,743 - INFO - process_and_embed_course_chunks: course_id=69a775e69a0216305f89bddb stored=0
2026-03-23 19:44:51,181 - INFO - get_or_create_chunked_collection: 'course_chunks' ready
2026-03-23 19:44:51,202 - INFO - store_chunks_in_chromadb: no new chunks to add (all skipped)
2026-03-23 19:44:51,203 - INFO - process_and_embed_course_chunks: course_id=69a775e69a0216305f89bddc stored=0
2026-03-23 19:44:52,598 - INFO - get_or_create_chunked_collection: 'course_chunks' ready
2026-03-23 19:44:52,623 - INFO - store_chunks_in_chromadb: no new chunks to add (all skipped)
2026-03-23 19:44:52,624 - INFO - process_and_embed_course_chunks: course_id=69a775e69a0216305f89bddd stored=0
2026-03-23 19:44:54,077 - INFO - get_or_create_chunked_collection: 'course_chunks' ready
2026-03-23 19:44:54,093 - INFO - store_chunks_in_chromadb: no new chunks to add (all skipped)
2026-03-23 19:44:54,093 - INFO - process_and_embed_course_chunks: course_id=69a775e69a0216305f89bdde stored=0
2026-03-23 19:44:56,481 - INFO - get_or_create_chunked_collection: 'course_chunks' ready
2026-03-23 19:44:56,502 - INFO - store_chunks_in_chromadb: no new chunks to add (all skipped)
2026-03-23 19:44:56,502 - INFO - process_and_embed_course_chunks: course_id=69a775e69a0216305f89bddf stored=0
2026-03-23 19:44:58,004 - INFO - get_or_create_chunked_collection: 'course_chunks' ready
2026-03-23 19:44:58,032 - INFO - store_chunks_in_chromadb: no new chunks to add (all skipped)
2026-03-23 19:44:58,032 - INFO - process_and_embed_course_chunks: course_id=69a775e69a0216305f89bde0 stored=0
2026-03-23 19:44:59,390 - INFO - get_or_create_chunked_collection: 'course_chunks' ready
2026-03-23 19:44:59,407 - INFO - store_chunks_in_chromadb: no new chunks to add (all skipped)
2026-03-23 19:44:59,408 - INFO - process_and_embed_course_chunks: course_id=69a775e69a0216305f89bde1 stored=0
2026-03-23 19:45:00,685 - INFO - get_or_create_chunked_collection: 'course_chunks' ready
2026-03-23 19:45:00,699 - INFO - store_chunks_in_chromadb: no new chunks to add (all skipped)
2026-03-23 19:45:00,699 - INFO - process_and_embed_course_chunks: course_id=69a775e69a0216305f89bde2 stored=0
2026-03-23 19:45:13,959 - INFO - get_or_create_chunked_collection: 'course_chunks' ready
2026-03-23 19:45:13,972 - INFO - store_chunks_in_chromadb: no new chunks to add (all skipped)
2026-03-23 19:45:14,536 - INFO - get_or_create_chunked_collection: 'course_chunks' ready
2026-03-23 19:45:20,819 - INFO - get_or_create_chunked_collection: 'course_chunks' ready
2026-03-23 19:45:25,405 - INFO - get_or_create_chunked_collection: 'exercise_chunks' ready
2026-03-23 19:45:25,424 - INFO - get_or_create_chunked_collection: 'uploaded_document_chunks' ready
2026-03-23 19:45:25,687 - INFO - get_or_create_chunked_collection: 'exercise_chunks' ready
2026-03-23 19:45:26,019 - INFO - get_or_create_chunked_collection: 'course_chunks' ready
2026-03-23 19:45:28,936 - INFO - get_or_create_chunked_collection: 'exercise_chunks' ready
2026-03-23 19:45:28,954 - INFO - get_or_create_chunked_collection: 'uploaded_document_chunks' ready
2026-03-23 19:45:29,260 - INFO - get_or_create_chunked_collection: 'exercise_chunks' ready
2026-03-23 19:45:29,281 - INFO - get_or_create_chunked_collection: 'exercise_chunks' ready
2026-03-23 19:45:29,303 - INFO - get_or_create_chunked_collection: 'uploaded_document_chunks' ready
2026-03-23 19:45:29,628 - INFO - get_or_create_chunked_collection: 'uploaded_document_chunks' ready
2026-03-23 19:45:29,658 - INFO - get_or_create_chunked_collection: 'exercise_chunks' ready
2026-03-23 19:45:29,674 - INFO - get_or_create_chunked_collection: 'uploaded_document_chunks' ready
2026-03-23 19:45:29,989 - INFO - get_or_create_chunked_collection: 'uploaded_document_chunks' ready
2026-03-23 19:45:30,010 - INFO - get_or_create_chunked_collection: 'course_chunks' ready
2026-03-23 19:45:30,341 - INFO - get_or_create_chunked_collection: 'course_chunks' ready
2026-03-23 19:45:30,341 - ERROR - search_chunks query error: Expected where operand value to be a str, int, float, bool, or list of those type, got {'$eq': '69a775e69a0216305f89bdd9'} in query.
2026-03-23 19:45:30,646 - INFO - get_or_create_chunked_collection: 'course_chunks' ready
2026-03-23 19:45:30,646 - ERROR - search_chunks query error: Expected where operand value to be a str, int, float, bool, or list of those type, got {'$eq': 'easy'} in query.
2026-03-23 19:45:30,969 - INFO - get_or_create_chunked_collection: 'course_chunks' ready
2026-03-23 19:45:30,970 - ERROR - search_chunks query error: Expected where operand value to be a str, int, float, bool, or list of those type, got {'$eq': 'module'} in query.
2026-03-23 19:45:47,115 - INFO - get_or_create_chunked_collection: 'course_chunks' ready
2026-03-23 19:45:47,133 - INFO - get_or_create_chunked_collection: 'course_chunks' ready
2026-03-23 19:45:47,399 - INFO - get_or_create_chunked_collection: 'course_chunks' ready
2026-03-23 19:47:00,308 - INFO - get_or_create_chunked_collection: 'course_chunks' ready
2026-03-23 19:47:00,329 - INFO - get_or_create_chunked_collection: 'course_chunks' ready
2026-03-23 20:39:26,889 - INFO - get_or_create_chunked_collection: 'course_chunks' ready
2026-03-23 20:39:26,904 - INFO - get_or_create_chunked_collection: 'course_chunks' ready
2026-03-23 20:43:14,418 - INFO - get_or_create_chunked_collection: 'course_chunks' ready
2026-03-23 20:46:01,173 - INFO - get_or_create_chunked_collection: 'course_chunks' ready
2026-03-23 20:46:23,355 - INFO - get_or_create_chunked_collection: 'course_chunks' ready
2026-03-23 21:08:48,116 - INFO - get_or_create_chunked_collection: 'course_chunks' ready
2026-03-23 21:08:48,406 - INFO - get_or_create_chunked_collection: 'course_chunks' ready
2026-03-23 21:08:48,729 - INFO - get_or_create_chunked_collection: 'course_chunks' ready
2026-03-23 21:08:48,990 - INFO - get_or_create_chunked_collection: 'course_chunks' ready
2026-03-23 21:08:49,263 - INFO - get_or_create_chunked_collection: 'course_chunks' ready
2026-03-23 21:08:49,589 - INFO - get_or_create_chunked_collection: 'course_chunks' ready
2026-03-23 21:08:49,907 - INFO - get_or_create_chunked_collection: 'course_chunks' ready
2026-03-23 21:09:06,334 - INFO - get_or_create_chunked_collection: 'course_chunks' ready
2026-03-23 21:09:06,640 - INFO - get_or_create_chunked_collection: 'course_chunks' ready
2026-03-23 21:09:06,937 - INFO - get_or_create_chunked_collection: 'course_chunks' ready
2026-03-23 21:09:07,192 - INFO - get_or_create_chunked_collection: 'course_chunks' ready
2026-03-23 21:09:07,451 - INFO - get_or_create_chunked_collection: 'course_chunks' ready
2026-03-23 21:09:07,785 - INFO - get_or_create_chunked_collection: 'course_chunks' ready
2026-03-23 21:09:08,126 - INFO - get_or_create_chunked_collection: 'course_chunks' ready
2026-03-23 21:17:20,993 - INFO - get_or_create_chunked_collection: 'course_chunks' ready
2026-03-23 21:17:21,007 - INFO - get_or_create_chunked_collection: 'course_chunks' ready
2026-03-23 21:38:47,147 - INFO - get_or_create_chunked_collection: 'course_chunks' ready
2026-03-23 21:38:47,161 - INFO - get_or_create_chunked_collection: 'course_chunks' ready
2026-03-24 19:14:15,361 - INFO - get_or_create_chunked_collection: 'course_chunks' ready
2026-03-24 19:14:15,395 - INFO - get_or_create_chunked_collection: 'course_chunks' ready
2026-03-24 19:15:28,875 - INFO - get_or_create_chunked_collection: 'course_chunks' ready
2026-03-24 19:15:28,932 - INFO - get_or_create_chunked_collection: 'course_chunks' ready
2026-03-24 19:15:51,215 - INFO - get_or_create_chunked_collection: 'course_chunks' ready
2026-03-24 19:15:51,246 - INFO - get_or_create_chunked_collection: 'course_chunks' ready
2026-03-24 19:39:38,872 - INFO - get_or_create_chunked_collection: 'course_chunks' ready
2026-03-24 19:39:38,963 - INFO - store_chunks_in_chromadb: stored 8 chunks
2026-03-24 19:39:38,964 - INFO - process_and_embed_course_chunks: course_id=69c2da5fc5e8f0bbf3a3053b stored=8
2026-03-24 19:39:45,417 - INFO - get_or_create_chunked_collection: 'course_chunks' ready
2026-03-24 19:39:45,458 - INFO - store_chunks_in_chromadb: stored 4 chunks
2026-03-24 19:39:45,458 - INFO - process_and_embed_course_chunks: course_id=69c2da5fc5e8f0bbf3a30546 stored=4
2026-03-24 19:39:49,795 - INFO - get_or_create_chunked_collection: 'course_chunks' ready
2026-03-24 19:39:49,840 - INFO - store_chunks_in_chromadb: stored 5 chunks
2026-03-24 19:39:49,840 - INFO - process_and_embed_course_chunks: course_id=69c2da5fc5e8f0bbf3a30551 stored=5
2026-03-24 19:40:14,684 - INFO - get_or_create_chunked_collection: 'course_chunks' ready
2026-03-24 19:40:14,731 - INFO - store_chunks_in_chromadb: stored 8 chunks
2026-03-24 19:40:14,731 - INFO - process_and_embed_course_chunks: course_id=69c2da60c5e8f0bbf3a30569 stored=8
2026-03-24 19:40:23,348 - INFO - get_or_create_chunked_collection: 'course_chunks' ready
2026-03-24 19:40:23,385 - INFO - store_chunks_in_chromadb: stored 8 chunks
2026-03-24 19:40:23,386 - INFO - process_and_embed_course_chunks: course_id=69c2da60c5e8f0bbf3a30582 stored=8
2026-03-24 19:40:28,698 - INFO - get_or_create_chunked_collection: 'course_chunks' ready
2026-03-24 19:40:28,743 - INFO - store_chunks_in_chromadb: stored 4 chunks
2026-03-24 19:40:28,744 - INFO - process_and_embed_course_chunks: course_id=69c2da60c5e8f0bbf3a3058c stored=4
2026-03-24 19:40:35,644 - INFO - get_or_create_chunked_collection: 'course_chunks' ready
2026-03-24 19:40:35,711 - INFO - store_chunks_in_chromadb: stored 4 chunks
2026-03-24 19:40:35,713 - INFO - process_and_embed_course_chunks: course_id=69c2da60c5e8f0bbf3a3058d stored=4
2026-03-24 19:40:47,022 - INFO - get_or_create_chunked_collection: 'course_chunks' ready
2026-03-24 19:40:47,093 - INFO - store_chunks_in_chromadb: stored 7 chunks
2026-03-24 19:40:47,093 - INFO - process_and_embed_course_chunks: course_id=69c2da60c5e8f0bbf3a3058e stored=7
2026-03-24 19:43:35,082 - INFO - get_or_create_chunked_collection: 'course_chunks' ready
2026-03-24 19:43:35,097 - INFO - get_or_create_chunked_collection: 'course_chunks' ready
2026-03-24 19:47:30,873 - INFO - get_or_create_chunked_collection: 'course_chunks' ready
2026-03-24 19:47:45,951 - INFO - get_or_create_chunked_collection: 'course_chunks' ready
2026-03-24 19:47:46,457 - INFO - get_or_create_chunked_collection: 'course_chunks' ready
2026-03-24 22:01:24,535 - INFO - get_or_create_chunked_collection: 'course_chunks' ready
2026-03-24 22:01:24,686 - INFO - store_chunks_in_chromadb: stored 8 chunks
2026-03-24 22:01:24,687 - INFO - process_and_embed_course_chunks: course_id=69c2fb843a47682c1297dd1c stored=8
2026-03-24 22:01:25,585 - INFO - get_or_create_chunked_collection: 'course_chunks' ready
2026-03-24 22:01:25,625 - INFO - store_chunks_in_chromadb: stored 4 chunks
2026-03-24 22:01:25,625 - INFO - process_and_embed_course_chunks: course_id=69c2fb843a47682c1297dd27 stored=4
2026-03-24 22:01:26,319 - INFO - get_or_create_chunked_collection: 'course_chunks' ready
2026-03-24 22:01:26,367 - INFO - store_chunks_in_chromadb: stored 5 chunks
2026-03-24 22:01:26,368 - INFO - process_and_embed_course_chunks: course_id=69c2fb843a47682c1297dd32 stored=5
2026-03-24 22:01:27,765 - INFO - get_or_create_chunked_collection: 'course_chunks' ready
2026-03-24 22:01:27,831 - INFO - store_chunks_in_chromadb: stored 6 chunks
2026-03-24 22:01:27,831 - INFO - process_and_embed_course_chunks: course_id=69c2fb863a47682c1297dd4a stored=6
2026-03-24 22:01:29,303 - INFO - get_or_create_chunked_collection: 'course_chunks' ready
2026-03-24 22:01:29,372 - INFO - store_chunks_in_chromadb: stored 8 chunks
2026-03-24 22:01:29,372 - INFO - process_and_embed_course_chunks: course_id=69c2fb863a47682c1297dd63 stored=8
2026-03-24 22:01:36,382 - INFO - get_or_create_chunked_collection: 'course_chunks' ready
2026-03-24 22:01:36,491 - INFO - store_chunks_in_chromadb: stored 4 chunks
2026-03-24 22:01:36,491 - INFO - process_and_embed_course_chunks: course_id=69c2fb863a47682c1297dd6d stored=4
2026-03-24 22:01:37,999 - INFO - get_or_create_chunked_collection: 'course_chunks' ready
2026-03-24 22:01:38,108 - INFO - store_chunks_in_chromadb: stored 4 chunks
2026-03-24 22:01:38,109 - INFO - process_and_embed_course_chunks: course_id=69c2fb873a47682c1297dd6e stored=4
2026-03-24 22:01:39,478 - INFO - get_or_create_chunked_collection: 'course_chunks' ready
2026-03-24 22:01:39,570 - INFO - store_chunks_in_chromadb: stored 7 chunks
2026-03-24 22:01:39,571 - INFO - process_and_embed_course_chunks: course_id=69c2fb873a47682c1297dd6f stored=7
2026-03-24 22:04:03,861 - INFO - get_or_create_chunked_collection: 'course_chunks' ready
2026-03-24 22:04:03,891 - INFO - get_or_create_chunked_collection: 'course_chunks' ready
2026-03-24 22:12:38,199 - ERROR - search_chunks: could not embed query
2026-03-24 22:13:25,566 - INFO - get_or_create_chunked_collection: 'course_chunks' ready
2026-03-24 22:13:25,589 - ERROR - search_chunks query error: Collection expecting embedding with dimension of 768, got 4096
2026-03-24 22:13:26,073 - INFO - get_or_create_chunked_collection: 'course_chunks' ready
2026-03-24 22:13:26,075 - ERROR - search_chunks query error: Collection expecting embedding with dimension of 768, got 4096
2026-03-24 22:15:58,474 - INFO - get_or_create_chunked_collection: 'course_chunks' ready
2026-03-24 22:16:20,648 - INFO - get_or_create_chunked_collection: 'course_chunks' ready
2026-03-24 22:16:20,662 - INFO - get_or_create_chunked_collection: 'course_chunks' ready
2026-03-24 22:16:57,898 - INFO - get_or_create_chunked_collection: 'course_chunks' ready
2026-03-24 22:16:57,900 - ERROR - search_chunks query error: Collection expecting embedding with dimension of 768, got 4096
2026-03-24 22:17:28,864 - INFO - get_or_create_chunked_collection: 'course_chunks' ready
2026-03-24 22:17:28,865 - ERROR - search_chunks query error: Collection expecting embedding with dimension of 768, got 4096
2026-03-24 22:17:29,389 - INFO - get_or_create_chunked_collection: 'course_chunks' ready
2026-03-24 22:17:29,390 - ERROR - search_chunks query error: Collection expecting embedding with dimension of 768, got 4096
2026-03-24 22:18:06,508 - INFO - get_or_create_chunked_collection: 'course_chunks' ready
2026-03-24 22:18:06,525 - INFO - get_or_create_chunked_collection: 'course_chunks' ready
2026-03-24 22:18:24,622 - INFO - get_or_create_chunked_collection: 'course_chunks' ready
2026-03-24 22:18:24,623 - ERROR - search_chunks query error: Collection expecting embedding with dimension of 768, got 4096
2026-03-24 22:19:02,619 - INFO - get_or_create_chunked_collection: 'course_chunks' ready
2026-03-24 22:19:02,621 - ERROR - search_chunks query error: Collection expecting embedding with dimension of 768, got 4096
2026-03-24 22:19:03,257 - INFO - get_or_create_chunked_collection: 'course_chunks' ready
2026-03-24 22:19:03,259 - ERROR - search_chunks query error: Collection expecting embedding with dimension of 768, got 4096
2026-03-24 22:19:37,745 - INFO - get_or_create_chunked_collection: 'course_chunks' ready
2026-03-24 22:21:00,194 - INFO - get_or_create_chunked_collection: 'course_chunks' ready
2026-03-24 22:21:39,258 - INFO - get_or_create_chunked_collection: 'course_chunks' ready
2026-03-24 22:21:39,274 - INFO - get_or_create_chunked_collection: 'course_chunks' ready
2026-03-24 22:22:05,528 - INFO - get_or_create_chunked_collection: 'course_chunks' ready
2026-03-24 22:23:19,087 - INFO - get_or_create_chunked_collection: 'course_chunks' ready
2026-03-24 22:23:23,010 - INFO - get_or_create_chunked_collection: 'course_chunks' ready
2026-03-24 22:24:15,784 - INFO - get_or_create_chunked_collection: 'course_chunks' ready
2026-03-24 22:24:19,506 - INFO - get_or_create_chunked_collection: 'course_chunks' ready
2026-03-24 22:25:34,703 - INFO - get_or_create_chunked_collection: 'course_chunks' ready
2026-03-24 22:25:38,576 - INFO - get_or_create_chunked_collection: 'course_chunks' ready
2026-03-24 22:26:19,378 - INFO - get_or_create_chunked_collection: 'course_chunks' ready
2026-03-24 22:34:40,967 - INFO - get_or_create_chunked_collection: 'course_chunks' ready
2026-03-24 22:34:40,982 - INFO - get_or_create_chunked_collection: 'course_chunks' ready
2026-03-24 22:34:50,599 - INFO - get_or_create_chunked_collection: 'course_chunks' ready
2026-03-24 22:35:47,215 - INFO - get_or_create_chunked_collection: 'course_chunks' ready
2026-03-25 18:30:28,857 - INFO - get_or_create_chunked_collection: 'course_chunks' ready (cached)
2026-03-25 21:01:58,203 - INFO - get_or_create_chunked_collection: 'course_chunks' ready (cached)
2026-03-25 21:03:44,006 - INFO - get_or_create_chunked_collection: 'course_chunks' ready (cached)
2026-03-25 21:36:33,920 - INFO - get_or_create_chunked_collection: 'course_chunks' ready (cached)
2026-03-25 21:36:43,244 - INFO - get_or_create_chunked_collection: 'course_chunks' ready (cached)
2026-03-25 21:44:45,263 - INFO - get_or_create_chunked_collection: 'course_chunks' ready (cached)
2026-03-25 21:54:51,571 - INFO - get_or_create_chunked_collection: 'course_chunks' ready (cached)
2026-03-25 22:50:07,078 - INFO - get_or_create_chunked_collection: 'course_chunks' ready (cached)
2026-03-25 22:56:34,725 - INFO - get_or_create_chunked_collection: 'course_chunks' ready (cached)
2026-03-25 22:59:13,299 - INFO - get_or_create_chunked_collection: 'course_chunks' ready (cached)
2026-03-25 23:10:28,393 - INFO - get_or_create_chunked_collection: 'course_chunks' ready (cached)
2026-03-25 23:18:25,341 - INFO - get_or_create_chunked_collection: 'course_chunks' ready (cached)
<<<<<<< HEAD
2026-03-26 08:45:52,394 - INFO - get_or_create_chunked_collection: 'course_chunks' ready (cached)
2026-03-26 08:47:18,788 - INFO - get_or_create_chunked_collection: 'course_chunks' ready (cached)
2026-03-26 08:58:52,105 - INFO - get_or_create_chunked_collection: 'course_chunks' ready (cached)
2026-03-26 09:15:19,422 - INFO - get_or_create_chunked_collection: 'course_chunks' ready (cached)
2026-03-26 10:16:51,767 - INFO - get_or_create_chunked_collection: 'course_chunks' ready (cached)
2026-03-26 10:27:18,111 - INFO - get_or_create_chunked_collection: 'course_chunks' ready (cached)
2026-03-26 10:30:22,795 - INFO - get_or_create_chunked_collection: 'course_chunks' ready (cached)
2026-03-26 10:32:36,687 - INFO - get_or_create_chunked_collection: 'course_chunks' ready (cached)
2026-03-26 11:13:49,167 - INFO - get_or_create_chunked_collection: 'course_chunks' ready (cached)
2026-03-26 11:18:28,694 - INFO - get_or_create_chunked_collection: 'course_chunks' ready (cached)
2026-03-26 11:22:37,234 - INFO - get_or_create_chunked_collection: 'course_chunks' ready (cached)
2026-03-26 11:30:12,505 - INFO - get_or_create_chunked_collection: 'course_chunks' ready (cached)
2026-03-27 09:46:21,066 - INFO - get_or_create_chunked_collection: 'course_chunks' ready (cached)
2026-03-27 09:57:19,716 - INFO - get_or_create_chunked_collection: 'course_chunks' ready (cached)
2026-03-27 09:58:31,413 - INFO - get_or_create_chunked_collection: 'course_chunks' ready (cached)
2026-03-27 10:04:55,992 - INFO - get_or_create_chunked_collection: 'course_chunks' ready (cached)
2026-03-27 10:10:06,132 - INFO - get_or_create_chunked_collection: 'course_chunks' ready (cached)
2026-03-27 10:21:06,400 - INFO - get_or_create_chunked_collection: 'course_chunks' ready (cached)
2026-03-27 10:21:50,310 - INFO - get_or_create_chunked_collection: 'course_chunks' ready (cached)
2026-03-27 10:33:52,191 - INFO - get_or_create_chunked_collection: 'course_chunks' ready (cached)
2026-03-27 10:39:26,801 - INFO - get_or_create_chunked_collection: 'course_chunks' ready (cached)
2026-03-27 10:46:38,562 - INFO - get_or_create_chunked_collection: 'course_chunks' ready (cached)
2026-03-27 10:51:30,451 - INFO - get_or_create_chunked_collection: 'course_chunks' ready (cached)
2026-03-27 10:56:26,109 - INFO - get_or_create_chunked_collection: 'course_chunks' ready (cached)
2026-03-27 11:00:30,178 - INFO - get_or_create_chunked_collection: 'course_chunks' ready (cached)
2026-03-27 11:17:33,851 - INFO - get_or_create_chunked_collection: 'course_chunks' ready (cached)
2026-03-27 11:19:20,806 - INFO - get_or_create_chunked_collection: 'course_chunks' ready (cached)
2026-03-27 11:34:55,631 - INFO - get_or_create_chunked_collection: 'course_chunks' ready (cached)
2026-03-27 11:35:59,082 - INFO - get_or_create_chunked_collection: 'course_chunks' ready (cached)
2026-03-27 11:49:44,109 - INFO - get_or_create_chunked_collection: 'course_chunks' ready (cached)
2026-03-27 11:50:12,997 - INFO - get_or_create_chunked_collection: 'course_chunks' ready (cached)
2026-03-27 11:50:52,481 - INFO - get_or_create_chunked_collection: 'course_chunks' ready (cached)
2026-03-27 18:19:02,726 - INFO - get_or_create_chunked_collection: 'course_chunks' ready (cached)
2026-03-27 18:20:35,749 - INFO - get_or_create_chunked_collection: 'course_chunks' ready (cached)
2026-03-27 18:29:21,014 - INFO - get_or_create_chunked_collection: 'course_chunks' ready (cached)
2026-03-27 18:29:51,868 - INFO - get_or_create_chunked_collection: 'course_chunks' ready (cached)
2026-03-27 18:33:48,560 - INFO - get_or_create_chunked_collection: 'course_chunks' ready (cached)
2026-03-27 18:34:54,388 - INFO - get_or_create_chunked_collection: 'course_chunks' ready (cached)
2026-03-27 18:35:27,250 - INFO - get_or_create_chunked_collection: 'course_chunks' ready (cached)
2026-03-27 18:36:45,596 - INFO - get_or_create_chunked_collection: 'course_chunks' ready (cached)
2026-03-27 19:28:29,269 - INFO - get_or_create_chunked_collection: 'course_chunks' ready (cached)
2026-03-27 19:30:08,867 - INFO - get_or_create_chunked_collection: 'course_chunks' ready (cached)
2026-03-27 19:36:39,320 - INFO - get_or_create_chunked_collection: 'course_chunks' ready (cached)
2026-03-27 19:36:50,333 - INFO - get_or_create_chunked_collection: 'course_chunks' ready (cached)
2026-03-27 19:37:19,276 - INFO - get_or_create_chunked_collection: 'course_chunks' ready (cached)
2026-03-27 19:37:43,375 - INFO - get_or_create_chunked_collection: 'course_chunks' ready (cached)
2026-03-27 20:08:18,878 - INFO - get_or_create_chunked_collection: 'course_chunks' ready (cached)
2026-03-27 20:45:05,909 - INFO - get_or_create_chunked_collection: 'course_chunks' ready (cached)
2026-03-27 20:51:11,697 - INFO - get_or_create_chunked_collection: 'course_chunks' ready (cached)
2026-03-27 20:52:13,334 - INFO - get_or_create_chunked_collection: 'course_chunks' ready (cached)
2026-03-27 21:04:17,110 - INFO - get_or_create_chunked_collection: 'course_chunks' ready (cached)
2026-03-27 21:06:10,971 - INFO - get_or_create_chunked_collection: 'course_chunks' ready (cached)
2026-03-27 21:12:43,539 - INFO - get_or_create_chunked_collection: 'course_chunks' ready (cached)
2026-03-27 21:15:11,024 - INFO - get_or_create_chunked_collection: 'course_chunks' ready (cached)
2026-03-27 21:26:28,096 - INFO - get_or_create_chunked_collection: 'course_chunks' ready (cached)
2026-03-27 21:30:36,956 - INFO - get_or_create_chunked_collection: 'course_chunks' ready (cached)
2026-03-27 21:31:17,148 - INFO - get_or_create_chunked_collection: 'course_chunks' ready (cached)
2026-03-27 21:42:48,033 - INFO - get_or_create_chunked_collection: 'course_chunks' ready (cached)
2026-03-27 21:44:04,003 - INFO - get_or_create_chunked_collection: 'course_chunks' ready (cached)
2026-03-28 09:38:54,702 - INFO - get_or_create_chunked_collection: 'course_chunks' ready (cached)
2026-03-28 09:40:25,822 - INFO - get_or_create_chunked_collection: 'course_chunks' ready (cached)
2026-03-28 09:46:16,286 - INFO - get_or_create_chunked_collection: 'course_chunks' ready (cached)
2026-03-28 09:47:01,137 - INFO - get_or_create_chunked_collection: 'course_chunks' ready (cached)
2026-03-28 10:05:54,349 - INFO - get_or_create_chunked_collection: 'course_chunks' ready (cached)
2026-03-28 10:06:51,819 - INFO - get_or_create_chunked_collection: 'course_chunks' ready (cached)
2026-03-28 10:13:33,400 - INFO - get_or_create_chunked_collection: 'course_chunks' ready (cached)
2026-03-28 10:14:20,370 - INFO - get_or_create_chunked_collection: 'course_chunks' ready (cached)
2026-03-28 10:15:40,847 - INFO - get_or_create_chunked_collection: 'course_chunks' ready (cached)
2026-03-28 10:24:26,042 - INFO - get_or_create_chunked_collection: 'course_chunks' ready (cached)
2026-03-28 10:25:09,308 - INFO - get_or_create_chunked_collection: 'course_chunks' ready (cached)
2026-03-28 10:37:35,467 - INFO - get_or_create_chunked_collection: 'course_chunks' ready (cached)
2026-03-28 10:38:04,567 - INFO - get_or_create_chunked_collection: 'course_chunks' ready (cached)
2026-03-28 11:04:11,631 - INFO - get_or_create_chunked_collection: 'course_chunks' ready (cached)
=======
2026-03-30 19:07:08,372 - INFO - get_or_create_chunked_collection: 'course_chunks' ready (cached)
2026-03-30 20:42:47,343 - INFO - get_or_create_chunked_collection: 'course_chunks' ready (cached)
2026-03-30 20:55:04,527 - INFO - get_or_create_chunked_collection: 'course_chunks' ready (cached)
2026-03-30 20:55:04,789 - INFO - store_chunks_in_chromadb: stored 8 chunks
2026-03-30 20:55:04,789 - INFO - process_and_embed_course_chunks: course_id=69cad50be6989d1dd39e778f stored=8
2026-03-30 20:55:10,343 - INFO - store_chunks_in_chromadb: stored 4 chunks
2026-03-30 20:55:10,343 - INFO - process_and_embed_course_chunks: course_id=69cad50be6989d1dd39e779a stored=4
2026-03-30 20:55:13,351 - INFO - store_chunks_in_chromadb: stored 5 chunks
2026-03-30 20:55:13,352 - INFO - process_and_embed_course_chunks: course_id=69cad50de6989d1dd39e77a5 stored=5
2026-03-30 20:55:19,203 - INFO - store_chunks_in_chromadb: stored 6 chunks
2026-03-30 20:55:19,203 - INFO - process_and_embed_course_chunks: course_id=69cad510e6989d1dd39e77bd stored=6
2026-03-30 20:55:28,260 - INFO - store_chunks_in_chromadb: stored 8 chunks
2026-03-30 20:55:28,261 - INFO - process_and_embed_course_chunks: course_id=69cad512e6989d1dd39e77d6 stored=8
2026-03-30 20:55:32,106 - INFO - store_chunks_in_chromadb: stored 4 chunks
2026-03-30 20:55:32,107 - INFO - process_and_embed_course_chunks: course_id=69cad512e6989d1dd39e77e0 stored=4
2026-03-30 20:55:41,006 - INFO - store_chunks_in_chromadb: stored 4 chunks
2026-03-30 20:55:41,006 - INFO - process_and_embed_course_chunks: course_id=69cad512e6989d1dd39e77e1 stored=4
2026-03-30 20:55:56,894 - INFO - store_chunks_in_chromadb: stored 7 chunks
2026-03-30 20:55:56,895 - INFO - process_and_embed_course_chunks: course_id=69cad512e6989d1dd39e77e2 stored=7
2026-03-31 19:13:05,926 - INFO - get_or_create_chunked_collection: 'course_chunks' ready (cached)
2026-03-31 19:13:53,527 - INFO - get_or_create_chunked_collection: 'course_chunks' ready (cached)
2026-03-31 19:13:54,095 - INFO - store_chunks_in_chromadb: stored 8 chunks
2026-03-31 19:13:54,097 - INFO - process_and_embed_course_chunks: course_id=69cc0ecd7a05b8fc7034c639 stored=8
2026-03-31 19:13:54,471 - INFO - store_chunks_in_chromadb: stored 4 chunks
2026-03-31 19:13:54,472 - INFO - process_and_embed_course_chunks: course_id=69cc0ecd7a05b8fc7034c644 stored=4
2026-03-31 19:13:54,822 - INFO - store_chunks_in_chromadb: stored 5 chunks
2026-03-31 19:13:54,822 - INFO - process_and_embed_course_chunks: course_id=69cc0ed17a05b8fc7034c64f stored=5
2026-03-31 19:13:58,046 - INFO - store_chunks_in_chromadb: stored 6 chunks
2026-03-31 19:13:58,047 - INFO - process_and_embed_course_chunks: course_id=69cc0ed77a05b8fc7034c667 stored=6
2026-03-31 19:13:58,566 - INFO - store_chunks_in_chromadb: stored 8 chunks
2026-03-31 19:13:58,568 - INFO - process_and_embed_course_chunks: course_id=69cc0ede7a05b8fc7034c680 stored=8
2026-03-31 19:13:59,454 - INFO - store_chunks_in_chromadb: stored 4 chunks
2026-03-31 19:13:59,455 - INFO - process_and_embed_course_chunks: course_id=69cc0edf7a05b8fc7034c68a stored=4
2026-03-31 19:13:59,911 - INFO - store_chunks_in_chromadb: stored 4 chunks
2026-03-31 19:13:59,914 - INFO - process_and_embed_course_chunks: course_id=69cc0edf7a05b8fc7034c68b stored=4
2026-03-31 19:14:00,363 - INFO - store_chunks_in_chromadb: stored 7 chunks
2026-03-31 19:14:00,364 - INFO - process_and_embed_course_chunks: course_id=69cc0ee07a05b8fc7034c68c stored=7
2026-04-01 09:35:25,944 - INFO - get_or_create_chunked_collection: 'course_chunks' ready (cached)
2026-04-01 09:35:33,495 - INFO - get_or_create_chunked_collection: 'course_chunks' ready (cached)
2026-04-01 09:35:33,664 - INFO - store_chunks_in_chromadb: stored 8 chunks
2026-04-01 09:35:33,664 - INFO - process_and_embed_course_chunks: course_id=69ccd8cf5a4b74a7c9883e69 stored=8
2026-04-01 09:35:33,801 - INFO - store_chunks_in_chromadb: stored 4 chunks
2026-04-01 09:35:33,801 - INFO - process_and_embed_course_chunks: course_id=69ccd8cf5a4b74a7c9883e74 stored=4
2026-04-01 09:35:33,955 - INFO - store_chunks_in_chromadb: stored 5 chunks
2026-04-01 09:35:33,956 - INFO - process_and_embed_course_chunks: course_id=69ccd8d05a4b74a7c9883e7f stored=5
2026-04-01 09:35:37,774 - INFO - store_chunks_in_chromadb: stored 6 chunks
2026-04-01 09:35:37,775 - INFO - process_and_embed_course_chunks: course_id=69ccd8d35a4b74a7c9883e97 stored=6
2026-04-01 09:35:38,096 - INFO - store_chunks_in_chromadb: stored 8 chunks
2026-04-01 09:35:38,096 - INFO - process_and_embed_course_chunks: course_id=69ccd8d45a4b74a7c9883eb0 stored=8
2026-04-01 09:35:38,271 - INFO - store_chunks_in_chromadb: stored 4 chunks
2026-04-01 09:35:38,272 - INFO - process_and_embed_course_chunks: course_id=69ccd8d45a4b74a7c9883eba stored=4
2026-04-01 09:35:38,495 - INFO - store_chunks_in_chromadb: stored 4 chunks
2026-04-01 09:35:38,496 - INFO - process_and_embed_course_chunks: course_id=69ccd8d45a4b74a7c9883ebb stored=4
2026-04-01 09:35:39,451 - INFO - store_chunks_in_chromadb: stored 7 chunks
2026-04-01 09:35:39,455 - INFO - process_and_embed_course_chunks: course_id=69ccd8d55a4b74a7c9883ebc stored=7
2026-04-01 15:42:03,045 - INFO - get_or_create_chunked_collection: 'course_chunks' ready (cached)
2026-04-01 15:42:12,531 - INFO - get_or_create_chunked_collection: 'course_chunks' ready (cached)
2026-04-01 15:42:12,738 - INFO - store_chunks_in_chromadb: stored 8 chunks
2026-04-01 15:42:12,739 - INFO - process_and_embed_course_chunks: course_id=69cd2eb39ca73f20586b1195 stored=8
2026-04-01 15:42:12,800 - INFO - store_chunks_in_chromadb: stored 4 chunks
2026-04-01 15:42:12,800 - INFO - process_and_embed_course_chunks: course_id=69cd2eb49ca73f20586b11a0 stored=4
2026-04-01 15:42:12,998 - INFO - store_chunks_in_chromadb: stored 5 chunks
2026-04-01 15:42:12,999 - INFO - process_and_embed_course_chunks: course_id=69cd2eb89ca73f20586b11ab stored=5
2026-04-01 15:42:15,720 - INFO - store_chunks_in_chromadb: stored 6 chunks
2026-04-01 15:42:15,722 - INFO - process_and_embed_course_chunks: course_id=69cd2ebe9ca73f20586b11c3 stored=6
2026-04-01 15:42:15,939 - INFO - store_chunks_in_chromadb: stored 8 chunks
2026-04-01 15:42:15,941 - INFO - process_and_embed_course_chunks: course_id=69cd2ec39ca73f20586b11dc stored=8
2026-04-01 15:42:16,083 - INFO - store_chunks_in_chromadb: stored 4 chunks
2026-04-01 15:42:16,084 - INFO - process_and_embed_course_chunks: course_id=69cd2ec39ca73f20586b11e6 stored=4
2026-04-01 15:42:16,196 - INFO - store_chunks_in_chromadb: stored 4 chunks
2026-04-01 15:42:16,199 - INFO - process_and_embed_course_chunks: course_id=69cd2ec49ca73f20586b11e7 stored=4
2026-04-01 15:42:16,486 - INFO - store_chunks_in_chromadb: stored 7 chunks
2026-04-01 15:42:16,589 - INFO - process_and_embed_course_chunks: course_id=69cd2ec49ca73f20586b11e8 stored=7
2026-04-01 16:35:32,745 - INFO - get_or_create_chunked_collection: 'course_chunks' ready (cached)
2026-04-01 16:51:28,635 - INFO - get_or_create_chunked_collection: 'course_chunks' ready (cached)
2026-04-01 16:58:21,873 - INFO - get_or_create_chunked_collection: 'course_chunks' ready (cached)
2026-04-01 17:04:31,867 - INFO - get_or_create_chunked_collection: 'course_chunks' ready (cached)
2026-04-01 17:04:38,995 - INFO - get_or_create_chunked_collection: 'course_chunks' ready (cached)
2026-04-01 17:04:39,099 - INFO - store_chunks_in_chromadb: stored 8 chunks
2026-04-01 17:04:39,100 - INFO - process_and_embed_course_chunks: course_id=69cd420e7b56a86c62c86168 stored=8
2026-04-01 17:04:39,192 - INFO - store_chunks_in_chromadb: stored 4 chunks
2026-04-01 17:04:39,192 - INFO - process_and_embed_course_chunks: course_id=69cd420e7b56a86c62c86173 stored=4
2026-04-01 17:04:39,306 - INFO - store_chunks_in_chromadb: stored 5 chunks
2026-04-01 17:04:39,306 - INFO - process_and_embed_course_chunks: course_id=69cd42117b56a86c62c8617e stored=5
2026-04-01 17:04:41,744 - INFO - store_chunks_in_chromadb: stored 6 chunks
2026-04-01 17:04:41,744 - INFO - process_and_embed_course_chunks: course_id=69cd42147b56a86c62c86196 stored=6
2026-04-01 17:04:42,142 - INFO - store_chunks_in_chromadb: stored 8 chunks
2026-04-01 17:04:42,142 - INFO - process_and_embed_course_chunks: course_id=69cd42167b56a86c62c861af stored=8
2026-04-01 17:04:42,275 - INFO - store_chunks_in_chromadb: stored 4 chunks
2026-04-01 17:04:42,276 - INFO - process_and_embed_course_chunks: course_id=69cd42167b56a86c62c861b9 stored=4
2026-04-01 17:04:42,418 - INFO - store_chunks_in_chromadb: stored 4 chunks
2026-04-01 17:04:42,418 - INFO - process_and_embed_course_chunks: course_id=69cd42167b56a86c62c861ba stored=4
2026-04-01 17:04:42,689 - INFO - store_chunks_in_chromadb: stored 7 chunks
2026-04-01 17:04:42,689 - INFO - process_and_embed_course_chunks: course_id=69cd42167b56a86c62c861bb stored=7
2026-04-01 17:08:47,513 - INFO - get_or_create_chunked_collection: 'course_chunks' ready (cached)
2026-04-01 17:09:04,330 - INFO - get_or_create_chunked_collection: 'course_chunks' ready (cached)
2026-04-01 19:27:39,306 - INFO - get_or_create_chunked_collection: 'course_chunks' ready (cached)
2026-04-01 19:28:26,226 - INFO - get_or_create_chunked_collection: 'course_chunks' ready (cached)
2026-04-01 19:28:26,326 - INFO - store_chunks_in_chromadb: stored 8 chunks
2026-04-01 19:28:26,326 - INFO - process_and_embed_course_chunks: course_id=69cd63c96cb2a07e68e39fb0 stored=8
2026-04-01 19:28:26,358 - INFO - store_chunks_in_chromadb: stored 4 chunks
2026-04-01 19:28:26,358 - INFO - process_and_embed_course_chunks: course_id=69cd63c96cb2a07e68e39fbb stored=4
2026-04-01 19:28:26,391 - INFO - store_chunks_in_chromadb: stored 5 chunks
2026-04-01 19:28:26,392 - INFO - process_and_embed_course_chunks: course_id=69cd63c96cb2a07e68e39fc6 stored=5
2026-04-01 19:28:27,625 - INFO - store_chunks_in_chromadb: stored 6 chunks
2026-04-01 19:28:27,626 - INFO - process_and_embed_course_chunks: course_id=69cd63c96cb2a07e68e39fde stored=6
2026-04-01 19:28:27,673 - INFO - store_chunks_in_chromadb: stored 8 chunks
2026-04-01 19:28:27,674 - INFO - process_and_embed_course_chunks: course_id=69cd63c96cb2a07e68e39ff7 stored=8
2026-04-01 19:28:27,729 - INFO - store_chunks_in_chromadb: stored 4 chunks
2026-04-01 19:28:27,730 - INFO - process_and_embed_course_chunks: course_id=69cd63c96cb2a07e68e3a001 stored=4
2026-04-01 19:28:27,780 - INFO - store_chunks_in_chromadb: stored 4 chunks
2026-04-01 19:28:27,780 - INFO - process_and_embed_course_chunks: course_id=69cd63ca6cb2a07e68e3a002 stored=4
2026-04-01 19:28:27,849 - INFO - store_chunks_in_chromadb: stored 7 chunks
2026-04-01 19:28:27,849 - INFO - process_and_embed_course_chunks: course_id=69cd63ca6cb2a07e68e3a003 stored=7
2026-04-01 19:50:12,390 - INFO - get_or_create_chunked_collection: 'course_chunks' ready (cached)
2026-04-02 09:56:50,691 - INFO - get_or_create_chunked_collection: 'course_chunks' ready (cached)
2026-04-02 09:57:06,184 - INFO - get_or_create_chunked_collection: 'course_chunks' ready (cached)
2026-04-02 09:57:06,323 - INFO - store_chunks_in_chromadb: stored 8 chunks
2026-04-02 09:57:06,323 - INFO - process_and_embed_course_chunks: course_id=69ce2f5ac6bb7e725b47b5e0 stored=8
2026-04-02 09:57:06,455 - INFO - store_chunks_in_chromadb: stored 4 chunks
2026-04-02 09:57:06,455 - INFO - process_and_embed_course_chunks: course_id=69ce2f5bc6bb7e725b47b5eb stored=4
2026-04-02 09:57:06,598 - INFO - store_chunks_in_chromadb: stored 5 chunks
2026-04-02 09:57:06,598 - INFO - process_and_embed_course_chunks: course_id=69ce2f5cc6bb7e725b47b5f6 stored=5
2026-04-02 09:57:08,889 - INFO - store_chunks_in_chromadb: stored 6 chunks
2026-04-02 09:57:08,890 - INFO - process_and_embed_course_chunks: course_id=69ce2f60c6bb7e725b47b60e stored=6
2026-04-02 09:57:09,277 - INFO - store_chunks_in_chromadb: stored 8 chunks
2026-04-02 09:57:09,278 - INFO - process_and_embed_course_chunks: course_id=69ce2f61c6bb7e725b47b627 stored=8
2026-04-02 09:57:09,450 - INFO - store_chunks_in_chromadb: stored 4 chunks
2026-04-02 09:57:09,450 - INFO - process_and_embed_course_chunks: course_id=69ce2f61c6bb7e725b47b631 stored=4
2026-04-02 09:57:09,659 - INFO - store_chunks_in_chromadb: stored 4 chunks
2026-04-02 09:57:09,660 - INFO - process_and_embed_course_chunks: course_id=69ce2f61c6bb7e725b47b632 stored=4
2026-04-02 09:57:10,107 - INFO - store_chunks_in_chromadb: stored 7 chunks
2026-04-02 09:57:10,108 - INFO - process_and_embed_course_chunks: course_id=69ce2f61c6bb7e725b47b633 stored=7
2026-04-02 10:55:32,270 - INFO - get_or_create_chunked_collection: 'course_chunks' ready (cached)
2026-04-02 10:56:25,119 - INFO - get_or_create_chunked_collection: 'course_chunks' ready (cached)
2026-04-02 10:56:25,345 - INFO - store_chunks_in_chromadb: stored 8 chunks
2026-04-02 10:56:25,346 - INFO - process_and_embed_course_chunks: course_id=69ce3d3d33ded5a2a13ebe75 stored=8
2026-04-02 10:56:25,511 - INFO - store_chunks_in_chromadb: stored 4 chunks
2026-04-02 10:56:25,512 - INFO - process_and_embed_course_chunks: course_id=69ce3d3d33ded5a2a13ebe80 stored=4
2026-04-02 10:56:25,662 - INFO - store_chunks_in_chromadb: stored 5 chunks
2026-04-02 10:56:25,662 - INFO - process_and_embed_course_chunks: course_id=69ce3d4133ded5a2a13ebe8b stored=5
2026-04-02 10:56:27,532 - INFO - store_chunks_in_chromadb: stored 6 chunks
2026-04-02 10:56:27,533 - INFO - process_and_embed_course_chunks: course_id=69ce3d4433ded5a2a13ebea3 stored=6
2026-04-02 10:56:27,742 - INFO - store_chunks_in_chromadb: stored 8 chunks
2026-04-02 10:56:27,743 - INFO - process_and_embed_course_chunks: course_id=69ce3d4833ded5a2a13ebebc stored=8
2026-04-02 10:56:27,876 - INFO - store_chunks_in_chromadb: stored 4 chunks
2026-04-02 10:56:27,877 - INFO - process_and_embed_course_chunks: course_id=69ce3d4833ded5a2a13ebec6 stored=4
2026-04-02 10:56:28,075 - INFO - store_chunks_in_chromadb: stored 4 chunks
2026-04-02 10:56:28,076 - INFO - process_and_embed_course_chunks: course_id=69ce3d4833ded5a2a13ebec7 stored=4
2026-04-02 10:56:28,257 - INFO - store_chunks_in_chromadb: stored 7 chunks
2026-04-02 10:56:28,258 - INFO - process_and_embed_course_chunks: course_id=69ce3d4833ded5a2a13ebec8 stored=7
2026-04-02 13:52:50,782 - INFO - get_or_create_chunked_collection: 'course_chunks' ready (cached)
2026-04-02 13:53:02,098 - INFO - get_or_create_chunked_collection: 'course_chunks' ready (cached)
2026-04-02 13:53:02,217 - INFO - store_chunks_in_chromadb: stored 8 chunks
2026-04-02 13:53:02,218 - INFO - process_and_embed_course_chunks: course_id=69ce66a58112671190e83bb0 stored=8
2026-04-02 13:53:02,320 - INFO - store_chunks_in_chromadb: stored 4 chunks
2026-04-02 13:53:02,320 - INFO - process_and_embed_course_chunks: course_id=69ce66a58112671190e83bbb stored=4
2026-04-02 13:53:02,406 - INFO - store_chunks_in_chromadb: stored 5 chunks
2026-04-02 13:53:02,407 - INFO - process_and_embed_course_chunks: course_id=69ce66a88112671190e83bc6 stored=5
2026-04-02 13:53:04,378 - INFO - store_chunks_in_chromadb: stored 6 chunks
2026-04-02 13:53:04,379 - INFO - process_and_embed_course_chunks: course_id=69ce66ab8112671190e83bde stored=6
2026-04-02 13:53:04,779 - INFO - store_chunks_in_chromadb: stored 8 chunks
2026-04-02 13:53:04,780 - INFO - process_and_embed_course_chunks: course_id=69ce66ad8112671190e83bf7 stored=8
2026-04-02 13:53:05,533 - INFO - store_chunks_in_chromadb: stored 4 chunks
2026-04-02 13:53:05,543 - INFO - process_and_embed_course_chunks: course_id=69ce66ad8112671190e83c01 stored=4
2026-04-02 13:53:05,976 - INFO - store_chunks_in_chromadb: stored 4 chunks
2026-04-02 13:53:05,982 - INFO - process_and_embed_course_chunks: course_id=69ce66ad8112671190e83c02 stored=4
2026-04-02 13:53:06,416 - INFO - store_chunks_in_chromadb: stored 7 chunks
2026-04-02 13:53:06,418 - INFO - process_and_embed_course_chunks: course_id=69ce66ad8112671190e83c03 stored=7
>>>>>>> kmar-branch
